<?xml version="1.0"?><coverage lines-covered="106" lines-valid="158" line-rate="0.6206349206349207" branches-covered="0" branches-valid="0" branch-rate="0" complexity="0" version="1.9" timestamp="1591549994"><sources><source>/home/floric/Dev/Github/rust-tests/graph-db</source></sources><packages><package name="tests" line-rate="1" branch-rate="0" complexity="0"><classes><class name="attributes" filename="tests/attributes.rs" line-rate="1" branch-rate="0" complexity="0"><methods/><lines><line number="4" hits="2"/><line number="7" hits="1"/><line number="11" hits="2"/><line number="13" hits="1"/><line number="15" hits="3"/><line number="19" hits="2"/><line number="21" hits="1"/><line number="23" hits="2"/><line number="27" hits="2"/><line number="29" hits="1"/><line number="30" hits="1"/><line number="32" hits="2"/></lines></class><class name="find" filename="tests/find.rs" line-rate="1" branch-rate="0" complexity="0"><methods/><lines><line number="5" hits="2"/><line number="6" hits="1"/><line number="8" hits="1"/><line number="10" hits="1"/><line number="11" hits="1"/><line number="12" hits="1"/><line number="13" hits="1"/><line number="15" hits="1"/><line number="16" hits="1"/><line number="17" hits="2"/><line number="18" hits="2"/><line number="19" hits="2"/></lines></class><class name="graph" filename="tests/graph.rs" line-rate="1" branch-rate="0" complexity="0"><methods/><lines><line number="5" hits="2"/><line number="6" hits="1"/><line number="8" hits="1"/><line number="12" hits="2"/><line number="13" hits="1"/><line number="14" hits="1"/><line number="15" hits="1"/><line number="17" hits="2"/><line number="18" hits="2"/><line number="19" hits="2"/><line number="20" hits="1"/><line number="21" hits="3"/><line number="25" hits="2"/><line number="26" hits="1"/><line number="28" hits="1"/><line number="29" hits="1"/><line number="30" hits="1"/><line number="31" hits="2"/><line number="33" hits="3"/><line number="35" hits="3"/><line number="36" hits="3"/><line number="37" hits="3"/><line number="38" hits="3"/><line number="39" hits="3"/><line number="40" hits="3"/><line number="41" hits="2"/><line number="42" hits="2"/><line number="43" hits="2"/><line number="44" hits="1"/><line number="45" hits="1"/><line number="49" hits="2"/><line number="50" hits="1"/><line number="52" hits="1"/><line number="53" hits="1"/><line number="54" hits="1"/><line number="55" hits="2"/><line number="57" hits="2"/><line number="58" hits="2"/><line number="60" hits="3"/><line number="61" hits="3"/><line number="62" hits="1"/><line number="63" hits="1"/><line number="64" hits="3"/></lines></class></classes></package><package name="src/model" line-rate="0.42857142857142855" branch-rate="0" complexity="0"><classes><class name="attributes" filename="src/model/attributes.rs" line-rate="0.38461538461538464" branch-rate="0" complexity="0"><methods/><lines><line number="10" hits="1"/><line number="11" hits="0"/><line number="14" hits="2"/><line number="15" hits="0"/><line number="18" hits="3"/><line number="19" hits="0"/><line number="22" hits="1"/><line number="23" hits="0"/><line number="28" hits="0"/><line number="29" hits="0"/><line number="30" hits="0"/><line number="36" hits="1"/><line number="37" hits="0"/></lines></class><class name="edge" filename="src/model/edge.rs" line-rate="0.4166666666666667" branch-rate="0" complexity="0"><methods/><lines><line number="15" hits="0"/><line number="17" hits="2"/><line number="25" hits="1"/><line number="26" hits="0"/><line number="29" hits="0"/><line number="30" hits="1"/><line number="33" hits="1"/><line number="34" hits="0"/><line number="37" hits="1"/><line number="38" hits="0"/><line number="41" hits="0"/><line number="42" hits="0"/></lines></class><class name="node" filename="src/model/node.rs" line-rate="0.5" branch-rate="0" complexity="0"><methods/><lines><line number="12" hits="0"/><line number="14" hits="2"/><line number="19" hits="1"/><line number="20" hits="0"/><line number="23" hits="0"/><line number="24" hits="1"/></lines></class></classes></package><package name="src/model/graph" line-rate="0.43333333333333335" branch-rate="0" complexity="0"><classes><class name="mod" filename="src/model/graph/mod.rs" line-rate="0.3888888888888889" branch-rate="0" complexity="0"><methods/><lines><line number="17" hits="1"/><line number="18" hits="0"/><line number="21" hits="0"/><line number="22" hits="0"/><line number="25" hits="2"/><line number="26" hits="2"/><line number="27" hits="2"/><line number="28" hits="2"/><line number="29" hits="0"/><line number="32" hits="1"/><line number="33" hits="0"/><line number="35" hits="0"/><line number="36" hits="0"/><line number="37" hits="1"/><line number="38" hits="3"/><line number="39" hits="0"/><line number="46" hits="1"/><line number="47" hits="0"/><line number="50" hits="0"/><line number="51" hits="0"/><line number="54" hits="2"/><line number="62" hits="0"/><line number="63" hits="0"/><line number="64" hits="0"/><line number="65" hits="2"/><line number="67" hits="2"/><line number="68" hits="2"/><line number="70" hits="0"/><line number="72" hits="0"/><line number="73" hits="4"/><line number="74" hits="0"/><line number="75" hits="0"/><line number="76" hits="0"/><line number="78" hits="0"/><line number="80" hits="0"/><line number="83" hits="1"/><line number="84" hits="1"/><line number="85" hits="0"/><line number="86" hits="0"/><line number="87" hits="0"/><line number="88" hits="1"/><line number="89" hits="0"/><line number="93" hits="1"/><line number="94" hits="0"/><line number="95" hits="2"/><line number="96" hits="0"/><line number="99" hits="1"/><line number="100" hits="0"/><line number="101" hits="4"/><line number="102" hits="0"/><line number="103" hits="0"/><line number="104" hits="0"/><line number="105" hits="0"/><line number="106" hits="0"/></lines></class><class name="util" filename="src/model/graph/util.rs" line-rate="0.8333333333333334" branch-rate="0" complexity="0"><methods/><lines><line number="1" hits="0"/><line number="2" hits="16"/><line number="8" hits="2"/><line number="10" hits="1"/><line number="14" hits="2"/><line number="15" hits="1"/></lines></class></classes></package></packages></coverage>